# This is the CMakeCache file.
# For build in directory: /home/davids/projects/substrait-cpp/build-Debug
# It was generated by CMake: /home/davids/.local/lib/python3.10/site-packages/cmake/data/bin/cmake
# You can edit this file to change values found and used by cmake.
# If you do not want to change any of the values, simply exit the editor.
# If you do want to change a value, simply edit, save, and exit the editor.
# The syntax for the file is as follows:
# KEY:TYPE=VALUE
# KEY is the name of a variable in the cache.
# TYPE is a hint to GUIs for the type of VALUE, DO NOT EDIT TYPE!.
# VALUE is the current value for the KEY.

########################
# EXTERNAL cache entries
########################

//If ON, Abseil will build all of Abseil's own tests.
ABSL_BUILD_TESTING:BOOL=OFF

//If ON, Abseil will build libraries that you can use to write
// tests against Abseil code. This option requires that Abseil
// is configured to use GoogleTest.
ABSL_BUILD_TEST_HELPERS:BOOL=OFF

//If set, download GoogleTest from this URL
ABSL_GOOGLETEST_DOWNLOAD_URL:STRING=

//If ABSL_USE_GOOGLETEST_HEAD is OFF and ABSL_GOOGLETEST_URL is
// not set, specifies the directory of a local GoogleTest checkout.
ABSL_LOCAL_GOOGLETEST_DIR:PATH=/usr/src/googletest

//If ON, Abseil will assume that the targets for GoogleTest are
// already provided by the including project. This makes sense
// when Abseil is used with add_subdirectory.
ABSL_USE_EXTERNAL_GOOGLETEST:BOOL=OFF

//If ON, abseil will download HEAD from GoogleTest at config time.
ABSL_USE_GOOGLETEST_HEAD:BOOL=OFF

//Silence warnings in Abseil headers by marking them as SYSTEM
// includes
ABSL_USE_SYSTEM_INCLUDES:BOOL=OFF

//Builds the googlemock subproject
BUILD_GMOCK:BOOL=ON

//Build a shared version of library
BUILD_SHARED_LIBS:BOOL=OFF

//Build the testing tree.
BUILD_TESTING:BOOL=ON

//build/install of TZ library
BUILD_TZ_LIB:BOOL=ON

//Path to a program.
CMAKE_ADDR2LINE:FILEPATH=/usr/bin/addr2line

//Path to a program.
CMAKE_AR:FILEPATH=/usr/bin/ar

//Choose the type of build, options are: None Debug Release RelWithDebInfo
// MinSizeRel ...
CMAKE_BUILD_TYPE:STRING=Debug

//Enable/Disable color output during build.
CMAKE_COLOR_MAKEFILE:BOOL=ON

//CXX compiler
CMAKE_CXX_COMPILER:FILEPATH=/usr/bin/c++

//A wrapper around 'ar' adding the appropriate '--plugin' option
// for the GCC compiler
CMAKE_CXX_COMPILER_AR:FILEPATH=/usr/bin/gcc-ar-11

//A wrapper around 'ranlib' adding the appropriate '--plugin' option
// for the GCC compiler
CMAKE_CXX_COMPILER_RANLIB:FILEPATH=/usr/bin/gcc-ranlib-11

//Flags used by the CXX compiler during all build types.
CMAKE_CXX_FLAGS:STRING=

//Flags used by the CXX compiler during DEBUG builds.
CMAKE_CXX_FLAGS_DEBUG:STRING=-g

//Flags used by the CXX compiler during MINSIZEREL builds.
CMAKE_CXX_FLAGS_MINSIZEREL:STRING=-Os -DNDEBUG

//Flags used by the CXX compiler during RELEASE builds.
CMAKE_CXX_FLAGS_RELEASE:STRING=-O3 -DNDEBUG

//Flags used by the CXX compiler during RELWITHDEBINFO builds.
CMAKE_CXX_FLAGS_RELWITHDEBINFO:STRING=-O2 -g -DNDEBUG

//The C++ standard whose features are requested.
CMAKE_CXX_STANDARD:STRING=17

//C compiler
CMAKE_C_COMPILER:FILEPATH=/usr/bin/cc

//A wrapper around 'ar' adding the appropriate '--plugin' option
// for the GCC compiler
CMAKE_C_COMPILER_AR:FILEPATH=/usr/bin/gcc-ar-11

//A wrapper around 'ranlib' adding the appropriate '--plugin' option
// for the GCC compiler
CMAKE_C_COMPILER_RANLIB:FILEPATH=/usr/bin/gcc-ranlib-11

//Flags used by the C compiler during all build types.
CMAKE_C_FLAGS:STRING=

//Flags used by the C compiler during DEBUG builds.
CMAKE_C_FLAGS_DEBUG:STRING=-g

//Flags used by the C compiler during MINSIZEREL builds.
CMAKE_C_FLAGS_MINSIZEREL:STRING=-Os -DNDEBUG

//Flags used by the C compiler during RELEASE builds.
CMAKE_C_FLAGS_RELEASE:STRING=-O3 -DNDEBUG

//Flags used by the C compiler during RELWITHDEBINFO builds.
CMAKE_C_FLAGS_RELWITHDEBINFO:STRING=-O2 -g -DNDEBUG

//Path to a program.
CMAKE_DLLTOOL:FILEPATH=CMAKE_DLLTOOL-NOTFOUND

//Flags used by the linker during all build types.
CMAKE_EXE_LINKER_FLAGS:STRING=

//Flags used by the linker during DEBUG builds.
CMAKE_EXE_LINKER_FLAGS_DEBUG:STRING=

//Flags used by the linker during MINSIZEREL builds.
CMAKE_EXE_LINKER_FLAGS_MINSIZEREL:STRING=

//Flags used by the linker during RELEASE builds.
CMAKE_EXE_LINKER_FLAGS_RELEASE:STRING=

//Flags used by the linker during RELWITHDEBINFO builds.
CMAKE_EXE_LINKER_FLAGS_RELWITHDEBINFO:STRING=

//Enable/Disable output of compile commands during generation.
CMAKE_EXPORT_COMPILE_COMMANDS:BOOL=

//Value Computed by CMake.
CMAKE_FIND_PACKAGE_REDIRECTS_DIR:STATIC=/home/davids/projects/substrait-cpp/build-Debug/CMakeFiles/pkgRedirects

//User executables (bin)
CMAKE_INSTALL_BINDIR:PATH=bin

//Read-only architecture-independent data (DATAROOTDIR)
CMAKE_INSTALL_DATADIR:PATH=

//Read-only architecture-independent data root (share)
CMAKE_INSTALL_DATAROOTDIR:PATH=share

//Documentation root (DATAROOTDIR/doc/PROJECT_NAME)
CMAKE_INSTALL_DOCDIR:PATH=

//C header files (include)
CMAKE_INSTALL_INCLUDEDIR:PATH=include

//Info documentation (DATAROOTDIR/info)
CMAKE_INSTALL_INFODIR:PATH=

//Object code libraries (lib)
CMAKE_INSTALL_LIBDIR:PATH=lib

//Program executables (libexec)
CMAKE_INSTALL_LIBEXECDIR:PATH=libexec

//Locale-dependent data (DATAROOTDIR/locale)
CMAKE_INSTALL_LOCALEDIR:PATH=

//Modifiable single-machine data (var)
CMAKE_INSTALL_LOCALSTATEDIR:PATH=var

//Man documentation (DATAROOTDIR/man)
CMAKE_INSTALL_MANDIR:PATH=

//C header files for non-gcc (/usr/include)
CMAKE_INSTALL_OLDINCLUDEDIR:PATH=/usr/include

//Install path prefix, prepended onto install directories.
CMAKE_INSTALL_PREFIX:PATH=/usr/local

//Run-time variable data (LOCALSTATEDIR/run)
CMAKE_INSTALL_RUNSTATEDIR:PATH=

//System admin executables (sbin)
CMAKE_INSTALL_SBINDIR:PATH=sbin

//Modifiable architecture-independent data (com)
CMAKE_INSTALL_SHAREDSTATEDIR:PATH=com

//Read-only single-machine data (etc)
CMAKE_INSTALL_SYSCONFDIR:PATH=etc

//Path to a program.
CMAKE_LINKER:FILEPATH=/usr/bin/ld

//Path to a program.
CMAKE_MAKE_PROGRAM:FILEPATH=/usr/bin/gmake

//Flags used by the linker during the creation of modules during
// all build types.
CMAKE_MODULE_LINKER_FLAGS:STRING=

//Flags used by the linker during the creation of modules during
// DEBUG builds.
CMAKE_MODULE_LINKER_FLAGS_DEBUG:STRING=

//Flags used by the linker during the creation of modules during
// MINSIZEREL builds.
CMAKE_MODULE_LINKER_FLAGS_MINSIZEREL:STRING=

//Flags used by the linker during the creation of modules during
// RELEASE builds.
CMAKE_MODULE_LINKER_FLAGS_RELEASE:STRING=

//Flags used by the linker during the creation of modules during
// RELWITHDEBINFO builds.
CMAKE_MODULE_LINKER_FLAGS_RELWITHDEBINFO:STRING=

//Path to a program.
CMAKE_NM:FILEPATH=/usr/bin/nm

//Path to a program.
CMAKE_OBJCOPY:FILEPATH=/usr/bin/objcopy

//Path to a program.
CMAKE_OBJDUMP:FILEPATH=/usr/bin/objdump

//Value Computed by CMake
CMAKE_PROJECT_DESCRIPTION:STATIC=

//Value Computed by CMake
CMAKE_PROJECT_HOMEPAGE_URL:STATIC=

//Value Computed by CMake
CMAKE_PROJECT_NAME:STATIC=substrait-cpp

//Value Computed by CMake
CMAKE_PROJECT_VERSION:STATIC=20230125

//Value Computed by CMake
CMAKE_PROJECT_VERSION_MAJOR:STATIC=20230125

//Value Computed by CMake
CMAKE_PROJECT_VERSION_MINOR:STATIC=

//Value Computed by CMake
CMAKE_PROJECT_VERSION_PATCH:STATIC=

//Value Computed by CMake
CMAKE_PROJECT_VERSION_TWEAK:STATIC=

//Path to a program.
CMAKE_RANLIB:FILEPATH=/usr/bin/ranlib

//Path to a program.
CMAKE_READELF:FILEPATH=/usr/bin/readelf

//Flags used by the linker during the creation of shared libraries
// during all build types.
CMAKE_SHARED_LINKER_FLAGS:STRING=

//Flags used by the linker during the creation of shared libraries
// during DEBUG builds.
CMAKE_SHARED_LINKER_FLAGS_DEBUG:STRING=

//Flags used by the linker during the creation of shared libraries
// during MINSIZEREL builds.
CMAKE_SHARED_LINKER_FLAGS_MINSIZEREL:STRING=

//Flags used by the linker during the creation of shared libraries
// during RELEASE builds.
CMAKE_SHARED_LINKER_FLAGS_RELEASE:STRING=

//Flags used by the linker during the creation of shared libraries
// during RELWITHDEBINFO builds.
CMAKE_SHARED_LINKER_FLAGS_RELWITHDEBINFO:STRING=

//If set, runtime paths are not added when installing shared libraries,
// but are added when building.
CMAKE_SKIP_INSTALL_RPATH:BOOL=NO

//If set, runtime paths are not added when using shared libraries.
CMAKE_SKIP_RPATH:BOOL=NO

//Flags used by the linker during the creation of static libraries
// during all build types.
CMAKE_STATIC_LINKER_FLAGS:STRING=

//Flags used by the linker during the creation of static libraries
// during DEBUG builds.
CMAKE_STATIC_LINKER_FLAGS_DEBUG:STRING=

//Flags used by the linker during the creation of static libraries
// during MINSIZEREL builds.
CMAKE_STATIC_LINKER_FLAGS_MINSIZEREL:STRING=

//Flags used by the linker during the creation of static libraries
// during RELEASE builds.
CMAKE_STATIC_LINKER_FLAGS_RELEASE:STRING=

//Flags used by the linker during the creation of static libraries
// during RELWITHDEBINFO builds.
CMAKE_STATIC_LINKER_FLAGS_RELWITHDEBINFO:STRING=

//Path to a program.
CMAKE_STRIP:FILEPATH=/usr/bin/strip

//Path to a program.
CMAKE_TAPI:FILEPATH=CMAKE_TAPI-NOTFOUND

//If this value is on, makefiles will be generated without the
// .SILENT directive, and all commands will be echoed to the console
// during the make.  This is useful for debugging only. With Visual
// Studio IDE projects all commands are done without /nologo.
CMAKE_VERBOSE_MAKEFILE:BOOL=FALSE

//define ONLY_C_LOCALE=1
COMPILE_WITH_C_LOCALE:BOOL=OFF

//Path to the coverage program that CTest uses for performing coverage
// inspection
COVERAGE_COMMAND:FILEPATH=/usr/bin/gcov

//Extra command line flags to pass to the coverage tool
COVERAGE_EXTRA_FLAGS:STRING=-l

//How many times to retry timed-out CTest submissions.
CTEST_SUBMIT_RETRY_COUNT:STRING=3

//How long to wait between timed-out CTest submissions.
CTEST_SUBMIT_RETRY_DELAY:STRING=5

//Maximum time allowed before CTest will kill the test.
DART_TESTING_TIMEOUT:STRING=1500

//Disable string view
DISABLE_STRING_VIEW:BOOL=OFF

//Enable unit tests
ENABLE_DATE_TESTING:BOOL=OFF

//Path to a library.
EXECINFO_LIBRARY:FILEPATH=EXECINFO_LIBRARY-NOTFOUND

//Directory under which to collect all populated content
FETCHCONTENT_BASE_DIR:PATH=/home/davids/projects/substrait-cpp/build-Debug/_deps

//Disables all attempts to download or update content and assumes
// source dirs already exist
FETCHCONTENT_FULLY_DISCONNECTED:BOOL=OFF

//Enables QUIET option for all content population
FETCHCONTENT_QUIET:BOOL=ON

//When not empty, overrides where to find pre-populated content
// for date_src
FETCHCONTENT_SOURCE_DIR_DATE_SRC:PATH=

//When not empty, overrides where to find pre-populated content
// for GTest
FETCHCONTENT_SOURCE_DIR_GTEST:PATH=

//Enables UPDATE_DISCONNECTED behavior for all content population
FETCHCONTENT_UPDATES_DISCONNECTED:BOOL=OFF

//Enables UPDATE_DISCONNECTED behavior just for population of date_src
FETCHCONTENT_UPDATES_DISCONNECTED_DATE_SRC:BOOL=OFF

//Enables UPDATE_DISCONNECTED behavior just for population of GTest
FETCHCONTENT_UPDATES_DISCONNECTED_GTEST:BOOL=OFF

//Value Computed by CMake
FMT_BINARY_DIR:STATIC=/home/davids/projects/substrait-cpp/build-Debug/third_party/fmt

//Installation directory for cmake files, a relative path that
// will be joined with /usr/local or an absolute path.
FMT_CMAKE_DIR:STRING=lib/cmake/fmt

//Generate the cuda-test target.
FMT_CUDA_TEST:BOOL=OFF

//Debug library postfix.
FMT_DEBUG_POSTFIX:STRING=d

//Generate the doc target.
FMT_DOC:BOOL=OFF

//Generate the fuzz target.
FMT_FUZZ:BOOL=OFF

//Installation directory for include files, a relative path that
// will be joined with /usr/local or an absolute path.
FMT_INC_DIR:STRING=include

//Generate the install target.
FMT_INSTALL:BOOL=ON

//Value Computed by CMake
FMT_IS_TOP_LEVEL:STATIC=OFF

//Installation directory for libraries, a relative path that will
// be joined to /usr/local or an absolute path.
FMT_LIB_DIR:STRING=lib

//Build a module instead of a traditional library.
FMT_MODULE:BOOL=OFF

//Include core requiring OS (Windows/Posix) 
FMT_OS:BOOL=ON

//Enable extra warnings and expensive tests.
FMT_PEDANTIC:BOOL=OFF

//Installation directory for pkgconfig (.pc) files, a relative
// path that will be joined with /usr/local or an absolute path.
FMT_PKGCONFIG_DIR:PATH=lib/pkgconfig

//Value Computed by CMake
FMT_SOURCE_DIR:STATIC=/home/davids/projects/substrait-cpp/third_party/fmt

//Expose headers with marking them as system.
FMT_SYSTEM_HEADERS:BOOL=OFF

//Generate the test target.
FMT_TEST:BOOL=OFF

//Halt the compilation with an error on compiler warnings.
FMT_WERROR:BOOL=OFF

//Path to a program.
GITCOMMAND:FILEPATH=/usr/bin/git

//Git command line client
GIT_EXECUTABLE:FILEPATH=/usr/bin/git

//Path to a library.
GMOCK_LIBRARY:FILEPATH=GMOCK_LIBRARY-NOTFOUND

//Path to a library.
GMOCK_LIBRARY_DEBUG:FILEPATH=GMOCK_LIBRARY_DEBUG-NOTFOUND

//Path to a library.
GMOCK_MAIN_LIBRARY:FILEPATH=GMOCK_MAIN_LIBRARY-NOTFOUND

//Path to a library.
GMOCK_MAIN_LIBRARY_DEBUG:FILEPATH=GMOCK_MAIN_LIBRARY_DEBUG-NOTFOUND

//Use Abseil and RE2. Requires Abseil and RE2 to be separately
// added to the build.
GTEST_HAS_ABSL:BOOL=OFF

//Path to a file.
GTEST_INCLUDE_DIR:PATH=GTEST_INCLUDE_DIR-NOTFOUND

//Path to a library.
GTEST_LIBRARY:FILEPATH=GTEST_LIBRARY-NOTFOUND

//Path to a library.
GTEST_LIBRARY_DEBUG:FILEPATH=GTEST_LIBRARY_DEBUG-NOTFOUND

//Path to a library.
GTEST_MAIN_LIBRARY:FILEPATH=GTEST_MAIN_LIBRARY-NOTFOUND

//Path to a library.
GTEST_MAIN_LIBRARY_DEBUG:FILEPATH=GTEST_MAIN_LIBRARY_DEBUG-NOTFOUND

//The directory containing a CMake configuration file for GTest.
GTest_DIR:PATH=/home/davids/projects/substrait-cpp/build-Debug/CMakeFiles/pkgRedirects

//Enable installation of googletest. (Projects embedding googletest
// may want to turn this OFF.)
INSTALL_GTEST:BOOL=ON

//Path to a program.
Java_IDLJ_EXECUTABLE:FILEPATH=Java_IDLJ_EXECUTABLE-NOTFOUND

//Path to a program.
Java_JARSIGNER_EXECUTABLE:FILEPATH=Java_JARSIGNER_EXECUTABLE-NOTFOUND

//Path to a program.
Java_JAR_EXECUTABLE:FILEPATH=Java_JAR_EXECUTABLE-NOTFOUND

//Path to a program.
Java_JAVAC_EXECUTABLE:FILEPATH=Java_JAVAC_EXECUTABLE-NOTFOUND

//Path to a program.
Java_JAVADOC_EXECUTABLE:FILEPATH=Java_JAVADOC_EXECUTABLE-NOTFOUND

//Path to a program.
Java_JAVAH_EXECUTABLE:FILEPATH=Java_JAVAH_EXECUTABLE-NOTFOUND

//Path to a program.
Java_JAVA_EXECUTABLE:FILEPATH=/usr/bin/java

//Path to a library.
LIBRT:FILEPATH=/usr/lib/x86_64-linux-gnu/librt.a

//Command to build the project
MAKECOMMAND:STRING=/home/davids/.local/lib/python3.10/site-packages/cmake/data/bin/cmake --build . --config "${CTEST_CONFIGURATION_TYPE}"

//User will set TZ DB manually by invoking set_install in their
// code
MANUAL_TZ_DB:BOOL=OFF

//Path to the memory checking command, used for memory error detection.
MEMORYCHECK_COMMAND:FILEPATH=/usr/bin/valgrind

//File that contains suppressions for the memory checker
MEMORYCHECK_SUPPRESSIONS_FILE:FILEPATH=

//Path to a program.
PERL_EXECUTABLE:FILEPATH=/usr/bin/perl

//No help, variable specified on the command line.
PREFER_STATIC_LIBS:UNINITIALIZED=OFF

PRINT_OPTION_CURR_BUILD_SHARED_LIBS:BOOL=OFF

PRINT_OPTION_CURR_DISABLE_STRING_VIEW:BOOL=OFF

PRINT_OPTION_CURR_ENABLE_DATE_TESTING:BOOL=OFF

PRINT_OPTION_CURR_MANUAL_TZ_DB:BOOL=OFF

PRINT_OPTION_CURR_USE_SYSTEM_TZ_DB:BOOL=ON

PRINT_OPTION_CURR_USE_TZ_DB_IN_DOT:BOOL=OFF

//The directory containing a CMake configuration file for Protobuf.
Protobuf_DIR:PATH=Protobuf_DIR-NOTFOUND

//Path to a file.
Protobuf_INCLUDE_DIR:PATH=/usr/include

//Path to a library.
Protobuf_LIBRARY_DEBUG:FILEPATH=/usr/lib/x86_64-linux-gnu/libprotobuf.so

//Path to a library.
Protobuf_LIBRARY_RELEASE:FILEPATH=/usr/lib/x86_64-linux-gnu/libprotobuf.so

//Path to a library.
Protobuf_LITE_LIBRARY_DEBUG:FILEPATH=/usr/lib/x86_64-linux-gnu/libprotobuf-lite.so

//Path to a library.
Protobuf_LITE_LIBRARY_RELEASE:FILEPATH=/usr/lib/x86_64-linux-gnu/libprotobuf-lite.so

//The Google Protocol Buffers Compiler
Protobuf_PROTOC_EXECUTABLE:FILEPATH=/usr/bin/protoc

//Path to a library.
Protobuf_PROTOC_LIBRARY_DEBUG:FILEPATH=Protobuf_PROTOC_LIBRARY_DEBUG-NOTFOUND

//Path to a library.
Protobuf_PROTOC_LIBRARY_RELEASE:FILEPATH=Protobuf_PROTOC_LIBRARY_RELEASE-NOTFOUND

//Name of the computer/site where compile is being run
SITE:STRING=voltron-dev

//Enable substrait-cpp tests. This will enable all other build
// options automatically.
SUBSTRAIT_CPP_BUILD_TESTING:BOOL=ON

//Turns on address and undefined memory sanitization runtime checking.
SUBSTRAIT_CPP_SANITIZE_DEBUG_BUILD:BOOL=OFF

//Use the operating system's timezone database
USE_SYSTEM_TZ_DB:BOOL=ON

//Save the timezone database in the current folder
USE_TZ_DB_IN_DOT:BOOL=OFF

//Build yaml-cpp shared library
YAML_BUILD_SHARED_LIBS:BOOL=OFF

//Value Computed by CMake
YAML_CPP_BINARY_DIR:STATIC=/home/davids/projects/substrait-cpp/build-Debug/third_party/yaml-cpp

//Enable yaml-cpp contrib in library
YAML_CPP_BUILD_CONTRIB:BOOL=ON

//Enable parse tools
YAML_CPP_BUILD_TOOLS:BOOL=ON

//Path to a program.
YAML_CPP_CLANG_FORMAT_EXE:FILEPATH=/usr/bin/clang-format

//Format source
YAML_CPP_FORMAT_SOURCE:BOOL=ON

//Value Computed by CMake
YAML_CPP_IS_TOP_LEVEL:STATIC=OFF

//Value Computed by CMake
YAML_CPP_SOURCE_DIR:STATIC=/home/davids/projects/substrait-cpp/third_party/yaml-cpp

//Value Computed by CMake
absl_BINARY_DIR:STATIC=/home/davids/projects/substrait-cpp/build-Debug/third_party/abseil-cpp

//Value Computed by CMake
absl_IS_TOP_LEVEL:STATIC=OFF

//Value Computed by CMake
absl_SOURCE_DIR:STATIC=/home/davids/projects/substrait-cpp/third_party/abseil-cpp

//Dependencies for the target
bad_any_cast_impl_LIB_DEPENDS:STATIC=general;absl::raw_logging_internal;

//Dependencies for the target
bad_optional_access_LIB_DEPENDS:STATIC=general;absl::raw_logging_internal;

//Dependencies for the target
bad_variant_access_LIB_DEPENDS:STATIC=general;absl::raw_logging_internal;

//Dependencies for the target
base_LIB_DEPENDS:STATIC=general;absl::log_severity;general;absl::raw_logging_internal;general;absl::spinlock_wait;general;absl::type_traits;

//Dependencies for the target
cord_LIB_DEPENDS:STATIC=general;absl::base;general;absl::cord_internal;general;absl::cordz_functions;general;absl::cordz_info;general;absl::crc_cord_state;general;absl::optional;general;absl::raw_logging_internal;general;absl::span;general;absl::strings;

//Dependencies for the target
cord_internal_LIB_DEPENDS:STATIC=general;absl::crc_cord_state;general;absl::raw_logging_internal;general;absl::strings;general;absl::throw_delegate;

//Dependencies for the target
cordz_functions_LIB_DEPENDS:STATIC=general;absl::exponential_biased;general;absl::raw_logging_internal;

//Dependencies for the target
cordz_handle_LIB_DEPENDS:STATIC=general;absl::base;general;absl::raw_logging_internal;general;absl::synchronization;

//Dependencies for the target
cordz_info_LIB_DEPENDS:STATIC=general;absl::base;general;absl::cord_internal;general;absl::cordz_functions;general;absl::cordz_handle;general;absl::span;general;absl::raw_logging_internal;general;absl::stacktrace;general;absl::synchronization;

//Dependencies for the target
cordz_sample_token_LIB_DEPENDS:STATIC=general;absl::cordz_handle;general;absl::cordz_info;

//Dependencies for the target
crc32c_LIB_DEPENDS:STATIC=general;absl::crc_cpu_detect;general;absl::crc_internal;general;absl::non_temporal_memcpy;general;absl::strings;

//Dependencies for the target
crc_cord_state_LIB_DEPENDS:STATIC=general;absl::crc32c;general;absl::strings;

//Dependencies for the target
crc_cpu_detect_LIB_DEPENDS:STATIC=general;absl::base;

//Dependencies for the target
crc_internal_LIB_DEPENDS:STATIC=general;absl::crc_cpu_detect;general;absl::base;general;absl::raw_logging_internal;general;absl::memory;general;absl::bits;

//Value Computed by CMake
date_BINARY_DIR:STATIC=/home/davids/projects/substrait-cpp/build-Debug/_deps/date_src-build

//Value Computed by CMake
date_IS_TOP_LEVEL:STATIC=OFF

//Value Computed by CMake
date_SOURCE_DIR:STATIC=/home/davids/projects/substrait-cpp/build-Debug/_deps/date_src-src

//Dependencies for the target
debugging_internal_LIB_DEPENDS:STATIC=general;absl::raw_logging_internal;

//Dependencies for the target
demangle_internal_LIB_DEPENDS:STATIC=general;absl::base;

//Dependencies for the target
die_if_null_LIB_DEPENDS:STATIC=general;absl::log;general;absl::strings;

//Dependencies for the target
examine_stack_LIB_DEPENDS:STATIC=general;absl::stacktrace;general;absl::symbolize;general;absl::raw_logging_internal;

//Dependencies for the target
failure_signal_handler_LIB_DEPENDS:STATIC=general;absl::examine_stack;general;absl::stacktrace;general;absl::base;general;absl::raw_logging_internal;

//Dependencies for the target
flags_LIB_DEPENDS:STATIC=general;absl::flags_commandlineflag;general;absl::flags_config;general;absl::flags_internal;general;absl::flags_reflection;general;absl::base;general;absl::strings;

//Dependencies for the target
flags_commandlineflag_LIB_DEPENDS:STATIC=general;absl::flags_commandlineflag_internal;general;absl::optional;general;absl::strings;

//Dependencies for the target
flags_config_LIB_DEPENDS:STATIC=general;absl::flags_program_name;general;absl::strings;general;absl::synchronization;

//Dependencies for the target
flags_internal_LIB_DEPENDS:STATIC=general;absl::base;general;absl::flags_commandlineflag;general;absl::flags_commandlineflag_internal;general;absl::flags_config;general;absl::flags_marshalling;general;absl::synchronization;general;absl::meta;general;absl::utility;

//Dependencies for the target
flags_marshalling_LIB_DEPENDS:STATIC=general;absl::log_severity;general;absl::optional;general;absl::strings;general;absl::str_format;

//Dependencies for the target
flags_parse_LIB_DEPENDS:STATIC=general;absl::flags_config;general;absl::flags;general;absl::flags_commandlineflag;general;absl::flags_commandlineflag_internal;general;absl::flags_internal;general;absl::flags_private_handle_accessor;general;absl::flags_program_name;general;absl::flags_reflection;general;absl::flags_usage;general;absl::strings;general;absl::synchronization;

//Dependencies for the target
flags_private_handle_accessor_LIB_DEPENDS:STATIC=general;absl::flags_commandlineflag;general;absl::flags_commandlineflag_internal;general;absl::strings;

//Dependencies for the target
flags_program_name_LIB_DEPENDS:STATIC=general;absl::strings;general;absl::synchronization;

//Dependencies for the target
flags_reflection_LIB_DEPENDS:STATIC=general;absl::flags_commandlineflag;general;absl::flags_private_handle_accessor;general;absl::flags_config;general;absl::strings;general;absl::synchronization;

//Dependencies for the target
flags_usage_LIB_DEPENDS:STATIC=general;absl::flags_usage_internal;general;absl::strings;general;absl::synchronization;

//Dependencies for the target
flags_usage_internal_LIB_DEPENDS:STATIC=general;absl::flags_config;general;absl::flags;general;absl::flags_commandlineflag;general;absl::flags_internal;general;absl::flags_private_handle_accessor;general;absl::flags_program_name;general;absl::flags_reflection;general;absl::strings;general;absl::synchronization;

//Value Computed by CMake
gmock_BINARY_DIR:STATIC=/home/davids/projects/substrait-cpp/build-Debug/_deps/gtest-build/googlemock

//Value Computed by CMake
gmock_IS_TOP_LEVEL:STATIC=OFF

//Value Computed by CMake
gmock_SOURCE_DIR:STATIC=/home/davids/projects/substrait-cpp/build-Debug/_deps/gtest-src/googlemock

//Build all of Google Mock's own tests.
gmock_build_tests:BOOL=OFF

//Value Computed by CMake
googletest-distribution_BINARY_DIR:STATIC=/home/davids/projects/substrait-cpp/build-Debug/_deps/gtest-build

//Value Computed by CMake
googletest-distribution_IS_TOP_LEVEL:STATIC=OFF

//Value Computed by CMake
googletest-distribution_SOURCE_DIR:STATIC=/home/davids/projects/substrait-cpp/build-Debug/_deps/gtest-src

//Dependencies for the target
graphcycles_internal_LIB_DEPENDS:STATIC=general;absl::base;general;absl::malloc_internal;general;absl::raw_logging_internal;

//Value Computed by CMake
gtest_BINARY_DIR:STATIC=/home/davids/projects/substrait-cpp/build-Debug/_deps/gtest-build/googletest

//Value Computed by CMake
gtest_IS_TOP_LEVEL:STATIC=OFF

//Value Computed by CMake
gtest_SOURCE_DIR:STATIC=/home/davids/projects/substrait-cpp/build-Debug/_deps/gtest-src/googletest

//Build gtest's sample programs.
gtest_build_samples:BOOL=OFF

//Build all of gtest's own tests.
gtest_build_tests:BOOL=OFF

//Disable uses of pthreads in gtest.
gtest_disable_pthreads:BOOL=OFF

//Use shared (DLL) run-time lib even when Google Test is built
// as static lib.
gtest_force_shared_crt:BOOL=OFF

//Build gtest with internal symbols hidden in shared libraries.
gtest_hide_internal_symbols:BOOL=OFF

//Dependencies for the target
hash_LIB_DEPENDS:STATIC=general;absl::bits;general;absl::city;general;absl::meta;general;absl::int128;general;absl::strings;general;absl::optional;general;absl::variant;general;absl::utility;general;absl::low_level_hash;

//Dependencies for the target
hashtablez_sampler_LIB_DEPENDS:STATIC=general;absl::base;general;absl::exponential_biased;general;absl::sample_recorder;general;absl::synchronization;

//Dependencies for the target
log_entry_LIB_DEPENDS:STATIC=general;absl::log_severity;general;absl::span;general;absl::strings;general;absl::time;

//Dependencies for the target
log_flags_LIB_DEPENDS:STATIC=general;absl::log_globals;general;absl::log_severity;general;absl::flags;general;absl::flags_marshalling;general;absl::strings;

//Dependencies for the target
log_globals_LIB_DEPENDS:STATIC=general;absl::hash;general;absl::log_severity;general;absl::strings;

//Dependencies for the target
log_initialize_LIB_DEPENDS:STATIC=general;absl::log_globals;general;absl::log_internal_globals;general;absl::time;

//Dependencies for the target
log_internal_check_op_LIB_DEPENDS:STATIC=general;absl::log_internal_nullguard;general;absl::log_internal_nullstream;general;absl::log_internal_strip;general;absl::strings;

//Dependencies for the target
log_internal_conditions_LIB_DEPENDS:STATIC=general;absl::base;general;absl::log_internal_voidify;

//Dependencies for the target
log_internal_format_LIB_DEPENDS:STATIC=general;absl::log_internal_append_truncated;general;absl::log_internal_globals;general;absl::log_severity;general;absl::strings;general;absl::str_format;general;absl::time;general;absl::span;

//Dependencies for the target
log_internal_globals_LIB_DEPENDS:STATIC=general;absl::log_severity;general;absl::raw_logging_internal;general;absl::strings;general;absl::time;

//Dependencies for the target
log_internal_log_sink_set_LIB_DEPENDS:STATIC=general;absl::base;general;absl::log_internal_globals;general;absl::log_globals;general;absl::log_entry;general;absl::log_severity;general;absl::log_sink;general;absl::raw_logging_internal;general;absl::synchronization;general;absl::span;general;absl::strings;

//Dependencies for the target
log_internal_message_LIB_DEPENDS:STATIC=general;absl::base;general;absl::examine_stack;general;absl::log_internal_append_truncated;general;absl::log_internal_format;general;absl::log_internal_globals;general;absl::log_internal_proto;general;absl::log_internal_log_sink_set;general;absl::log_internal_nullguard;general;absl::log_globals;general;absl::log_entry;general;absl::log_severity;general;absl::log_sink;general;absl::log_sink_registry;general;absl::memory;general;absl::raw_logging_internal;general;absl::strings;general;absl::strerror;general;absl::time;general;absl::span;

//Dependencies for the target
log_internal_proto_LIB_DEPENDS:STATIC=general;absl::base;general;absl::strings;general;absl::span;

//Dependencies for the target
log_severity_LIB_DEPENDS:STATIC=general;absl::core_headers;

//Dependencies for the target
log_sink_LIB_DEPENDS:STATIC=general;absl::log_entry;

//Dependencies for the target
low_level_hash_LIB_DEPENDS:STATIC=general;absl::int128;

//Dependencies for the target
malloc_internal_LIB_DEPENDS:STATIC=general;absl::base;general;absl::base_internal;general;absl::raw_logging_internal;

//Dependencies for the target
periodic_sampler_LIB_DEPENDS:STATIC=general;absl::exponential_biased;

//Value Computed by CMake
protobuf-matchers_BINARY_DIR:STATIC=/home/davids/projects/substrait-cpp/build-Debug/third_party/protobuf-matchers

//Value Computed by CMake
protobuf-matchers_IS_TOP_LEVEL:STATIC=OFF

//Dependencies for the target
protobuf-matchers_LIB_DEPENDS:STATIC=general;protobuf::libprotobuf;general;GTest::gmock;

//Value Computed by CMake
protobuf-matchers_SOURCE_DIR:STATIC=/home/davids/projects/substrait-cpp/third_party/protobuf-matchers

//Dependencies for the target
random_distributions_LIB_DEPENDS:STATIC=general;absl::random_internal_generate_real;general;absl::random_internal_distribution_caller;general;absl::random_internal_fast_uniform_bits;general;absl::random_internal_fastmath;general;absl::random_internal_iostream_state_saver;general;absl::random_internal_traits;general;absl::random_internal_uniform_helper;general;absl::random_internal_wide_multiply;general;absl::strings;

//Dependencies for the target
random_internal_distribution_test_util_LIB_DEPENDS:STATIC=general;absl::raw_logging_internal;general;absl::strings;general;absl::str_format;general;absl::span;

//Dependencies for the target
random_internal_pool_urbg_LIB_DEPENDS:STATIC=general;absl::base;general;absl::random_internal_randen;general;absl::random_internal_seed_material;general;absl::random_seed_gen_exception;general;absl::raw_logging_internal;general;absl::span;

//Dependencies for the target
random_internal_randen_LIB_DEPENDS:STATIC=general;absl::random_internal_platform;general;absl::random_internal_randen_hwaes;general;absl::random_internal_randen_slow;

//Dependencies for the target
random_internal_randen_hwaes_LIB_DEPENDS:STATIC=general;absl::random_internal_platform;general;absl::random_internal_randen_hwaes_impl;

//Dependencies for the target
random_internal_randen_hwaes_impl_LIB_DEPENDS:STATIC=general;absl::random_internal_platform;

//Dependencies for the target
random_internal_randen_slow_LIB_DEPENDS:STATIC=general;absl::random_internal_platform;

//Dependencies for the target
random_internal_seed_material_LIB_DEPENDS:STATIC=general;absl::optional;general;absl::raw_logging_internal;general;absl::span;general;absl::strings;

//Dependencies for the target
random_seed_sequences_LIB_DEPENDS:STATIC=general;absl::random_internal_pool_urbg;general;absl::random_internal_salted_seed_seq;general;absl::random_internal_seed_material;general;absl::random_seed_gen_exception;general;absl::span;

//Dependencies for the target
raw_hash_set_LIB_DEPENDS:STATIC=general;absl::bits;general;absl::hashtablez_sampler;general;absl::memory;general;absl::meta;general;absl::optional;general;absl::raw_logging_internal;general;absl::utility;

//Dependencies for the target
raw_logging_internal_LIB_DEPENDS:STATIC=general;absl::config;general;absl::core_headers;general;absl::log_severity;

//Dependencies for the target
scoped_set_env_LIB_DEPENDS:STATIC=general;absl::raw_logging_internal;

//Dependencies for the target
spinlock_wait_LIB_DEPENDS:STATIC=general;absl::base_internal;general;absl::core_headers;

//Dependencies for the target
stacktrace_LIB_DEPENDS:STATIC=general;absl::debugging_internal;general;absl::raw_logging_internal;

//Dependencies for the target
status_LIB_DEPENDS:STATIC=general;absl::cord;general;absl::optional;general;absl::raw_logging_internal;general;absl::stacktrace;general;absl::str_format;general;absl::strerror;general;absl::strings;general;absl::symbolize;

//Dependencies for the target
statusor_LIB_DEPENDS:STATIC=general;absl::base;general;absl::status;general;absl::raw_logging_internal;general;absl::strings;general;absl::utility;general;absl::variant;

//Dependencies for the target
str_format_internal_LIB_DEPENDS:STATIC=general;absl::strings;general;absl::utility;general;absl::int128;general;absl::span;

//Dependencies for the target
strings_LIB_DEPENDS:STATIC=general;absl::strings_internal;general;absl::base;general;absl::int128;general;absl::raw_logging_internal;general;absl::throw_delegate;

//Dependencies for the target
strings_internal_LIB_DEPENDS:STATIC=general;absl::raw_logging_internal;

//Value Computed by CMake
substrait-cpp_BINARY_DIR:STATIC=/home/davids/projects/substrait-cpp/build-Debug

//Value Computed by CMake
substrait-cpp_IS_TOP_LEVEL:STATIC=ON

//Value Computed by CMake
substrait-cpp_SOURCE_DIR:STATIC=/home/davids/projects/substrait-cpp

//Dependencies for the target
symbolize_LIB_DEPENDS:STATIC=general;absl::debugging_internal;general;absl::demangle_internal;general;absl::base;general;absl::malloc_internal;general;absl::raw_logging_internal;general;absl::strings;

//Dependencies for the target
synchronization_LIB_DEPENDS:STATIC=general;absl::graphcycles_internal;general;absl::base;general;absl::malloc_internal;general;absl::raw_logging_internal;general;absl::stacktrace;general;absl::symbolize;general;absl::time;

//Dependencies for the target
throw_delegate_LIB_DEPENDS:STATIC=general;absl::raw_logging_internal;

//Dependencies for the target
time_LIB_DEPENDS:STATIC=general;absl::base;general;absl::civil_time;general;absl::int128;general;absl::raw_logging_internal;general;absl::strings;general;absl::time_zone;


########################
# INTERNAL cache entries
########################

//Test ABSL_INTERNAL_AT_LEAST_CXX17
ABSL_INTERNAL_AT_LEAST_CXX17:INTERNAL=1
//ADVANCED property for variable: CMAKE_ADDR2LINE
CMAKE_ADDR2LINE-ADVANCED:INTERNAL=1
//ADVANCED property for variable: CMAKE_AR
CMAKE_AR-ADVANCED:INTERNAL=1
//This is the directory where this CMakeCache.txt was created
CMAKE_CACHEFILE_DIR:INTERNAL=/home/davids/projects/substrait-cpp/build-Debug
//Major version of cmake used to create the current loaded cache
CMAKE_CACHE_MAJOR_VERSION:INTERNAL=3
//Minor version of cmake used to create the current loaded cache
CMAKE_CACHE_MINOR_VERSION:INTERNAL=28
//Patch version of cmake used to create the current loaded cache
CMAKE_CACHE_PATCH_VERSION:INTERNAL=3
//ADVANCED property for variable: CMAKE_COLOR_MAKEFILE
CMAKE_COLOR_MAKEFILE-ADVANCED:INTERNAL=1
//Path to CMake executable.
CMAKE_COMMAND:INTERNAL=/home/davids/.local/lib/python3.10/site-packages/cmake/data/bin/cmake
//Path to cpack program executable.
CMAKE_CPACK_COMMAND:INTERNAL=/home/davids/.local/lib/python3.10/site-packages/cmake/data/bin/cpack
//ADVANCED property for variable: CMAKE_CTEST_COMMAND
CMAKE_CTEST_COMMAND-ADVANCED:INTERNAL=1
//Path to ctest program executable.
CMAKE_CTEST_COMMAND:INTERNAL=/home/davids/.local/lib/python3.10/site-packages/cmake/data/bin/ctest
//ADVANCED property for variable: CMAKE_CXX_COMPILER
CMAKE_CXX_COMPILER-ADVANCED:INTERNAL=1
//ADVANCED property for variable: CMAKE_CXX_COMPILER_AR
CMAKE_CXX_COMPILER_AR-ADVANCED:INTERNAL=1
//ADVANCED property for variable: CMAKE_CXX_COMPILER_RANLIB
CMAKE_CXX_COMPILER_RANLIB-ADVANCED:INTERNAL=1
//ADVANCED property for variable: CMAKE_CXX_FLAGS
CMAKE_CXX_FLAGS-ADVANCED:INTERNAL=1
//ADVANCED property for variable: CMAKE_CXX_FLAGS_DEBUG
CMAKE_CXX_FLAGS_DEBUG-ADVANCED:INTERNAL=1
//ADVANCED property for variable: CMAKE_CXX_FLAGS_MINSIZEREL
CMAKE_CXX_FLAGS_MINSIZEREL-ADVANCED:INTERNAL=1
//ADVANCED property for variable: CMAKE_CXX_FLAGS_RELEASE
CMAKE_CXX_FLAGS_RELEASE-ADVANCED:INTERNAL=1
//ADVANCED property for variable: CMAKE_CXX_FLAGS_RELWITHDEBINFO
CMAKE_CXX_FLAGS_RELWITHDEBINFO-ADVANCED:INTERNAL=1
//ADVANCED property for variable: CMAKE_C_COMPILER
CMAKE_C_COMPILER-ADVANCED:INTERNAL=1
//ADVANCED property for variable: CMAKE_C_COMPILER_AR
CMAKE_C_COMPILER_AR-ADVANCED:INTERNAL=1
//ADVANCED property for variable: CMAKE_C_COMPILER_RANLIB
CMAKE_C_COMPILER_RANLIB-ADVANCED:INTERNAL=1
//ADVANCED property for variable: CMAKE_C_FLAGS
CMAKE_C_FLAGS-ADVANCED:INTERNAL=1
//ADVANCED property for variable: CMAKE_C_FLAGS_DEBUG
CMAKE_C_FLAGS_DEBUG-ADVANCED:INTERNAL=1
//ADVANCED property for variable: CMAKE_C_FLAGS_MINSIZEREL
CMAKE_C_FLAGS_MINSIZEREL-ADVANCED:INTERNAL=1
//ADVANCED property for variable: CMAKE_C_FLAGS_RELEASE
CMAKE_C_FLAGS_RELEASE-ADVANCED:INTERNAL=1
//ADVANCED property for variable: CMAKE_C_FLAGS_RELWITHDEBINFO
CMAKE_C_FLAGS_RELWITHDEBINFO-ADVANCED:INTERNAL=1
//ADVANCED property for variable: CMAKE_DLLTOOL
CMAKE_DLLTOOL-ADVANCED:INTERNAL=1
//Whether to issue deprecation errors for macros and functions.
CMAKE_ERROR_DEPRECATED:INTERNAL=FALSE
//Executable file format
CMAKE_EXECUTABLE_FORMAT:INTERNAL=ELF
//ADVANCED property for variable: CMAKE_EXE_LINKER_FLAGS
CMAKE_EXE_LINKER_FLAGS-ADVANCED:INTERNAL=1
//ADVANCED property for variable: CMAKE_EXE_LINKER_FLAGS_DEBUG
CMAKE_EXE_LINKER_FLAGS_DEBUG-ADVANCED:INTERNAL=1
//ADVANCED property for variable: CMAKE_EXE_LINKER_FLAGS_MINSIZEREL
CMAKE_EXE_LINKER_FLAGS_MINSIZEREL-ADVANCED:INTERNAL=1
//ADVANCED property for variable: CMAKE_EXE_LINKER_FLAGS_RELEASE
CMAKE_EXE_LINKER_FLAGS_RELEASE-ADVANCED:INTERNAL=1
//ADVANCED property for variable: CMAKE_EXE_LINKER_FLAGS_RELWITHDEBINFO
CMAKE_EXE_LINKER_FLAGS_RELWITHDEBINFO-ADVANCED:INTERNAL=1
//ADVANCED property for variable: CMAKE_EXPORT_COMPILE_COMMANDS
CMAKE_EXPORT_COMPILE_COMMANDS-ADVANCED:INTERNAL=1
//Name of external makefile project generator.
CMAKE_EXTRA_GENERATOR:INTERNAL=
//Name of generator.
CMAKE_GENERATOR:INTERNAL=Unix Makefiles
//Generator instance identifier.
CMAKE_GENERATOR_INSTANCE:INTERNAL=
//Name of generator platform.
CMAKE_GENERATOR_PLATFORM:INTERNAL=
//Name of generator toolset.
CMAKE_GENERATOR_TOOLSET:INTERNAL=
//Test CMAKE_HAVE_LIBC_PTHREAD
CMAKE_HAVE_LIBC_PTHREAD:INTERNAL=1
//Source directory with the top level CMakeLists.txt file for this
// project
CMAKE_HOME_DIRECTORY:INTERNAL=/home/davids/projects/substrait-cpp
//ADVANCED property for variable: CMAKE_INSTALL_BINDIR
CMAKE_INSTALL_BINDIR-ADVANCED:INTERNAL=1
//ADVANCED property for variable: CMAKE_INSTALL_DATADIR
CMAKE_INSTALL_DATADIR-ADVANCED:INTERNAL=1
//ADVANCED property for variable: CMAKE_INSTALL_DATAROOTDIR
CMAKE_INSTALL_DATAROOTDIR-ADVANCED:INTERNAL=1
//ADVANCED property for variable: CMAKE_INSTALL_DOCDIR
CMAKE_INSTALL_DOCDIR-ADVANCED:INTERNAL=1
//ADVANCED property for variable: CMAKE_INSTALL_INCLUDEDIR
CMAKE_INSTALL_INCLUDEDIR-ADVANCED:INTERNAL=1
//ADVANCED property for variable: CMAKE_INSTALL_INFODIR
CMAKE_INSTALL_INFODIR-ADVANCED:INTERNAL=1
//ADVANCED property for variable: CMAKE_INSTALL_LIBDIR
CMAKE_INSTALL_LIBDIR-ADVANCED:INTERNAL=1
//ADVANCED property for variable: CMAKE_INSTALL_LIBEXECDIR
CMAKE_INSTALL_LIBEXECDIR-ADVANCED:INTERNAL=1
//ADVANCED property for variable: CMAKE_INSTALL_LOCALEDIR
CMAKE_INSTALL_LOCALEDIR-ADVANCED:INTERNAL=1
//ADVANCED property for variable: CMAKE_INSTALL_LOCALSTATEDIR
CMAKE_INSTALL_LOCALSTATEDIR-ADVANCED:INTERNAL=1
//ADVANCED property for variable: CMAKE_INSTALL_MANDIR
CMAKE_INSTALL_MANDIR-ADVANCED:INTERNAL=1
//ADVANCED property for variable: CMAKE_INSTALL_OLDINCLUDEDIR
CMAKE_INSTALL_OLDINCLUDEDIR-ADVANCED:INTERNAL=1
//ADVANCED property for variable: CMAKE_INSTALL_RUNSTATEDIR
CMAKE_INSTALL_RUNSTATEDIR-ADVANCED:INTERNAL=1
//ADVANCED property for variable: CMAKE_INSTALL_SBINDIR
CMAKE_INSTALL_SBINDIR-ADVANCED:INTERNAL=1
//ADVANCED property for variable: CMAKE_INSTALL_SHAREDSTATEDIR
CMAKE_INSTALL_SHAREDSTATEDIR-ADVANCED:INTERNAL=1
//Install .so files without execute permission.
CMAKE_INSTALL_SO_NO_EXE:INTERNAL=1
//ADVANCED property for variable: CMAKE_INSTALL_SYSCONFDIR
CMAKE_INSTALL_SYSCONFDIR-ADVANCED:INTERNAL=1
//ADVANCED property for variable: CMAKE_LINKER
CMAKE_LINKER-ADVANCED:INTERNAL=1
//ADVANCED property for variable: CMAKE_MAKE_PROGRAM
CMAKE_MAKE_PROGRAM-ADVANCED:INTERNAL=1
//ADVANCED property for variable: CMAKE_MODULE_LINKER_FLAGS
CMAKE_MODULE_LINKER_FLAGS-ADVANCED:INTERNAL=1
//ADVANCED property for variable: CMAKE_MODULE_LINKER_FLAGS_DEBUG
CMAKE_MODULE_LINKER_FLAGS_DEBUG-ADVANCED:INTERNAL=1
//ADVANCED property for variable: CMAKE_MODULE_LINKER_FLAGS_MINSIZEREL
CMAKE_MODULE_LINKER_FLAGS_MINSIZEREL-ADVANCED:INTERNAL=1
//ADVANCED property for variable: CMAKE_MODULE_LINKER_FLAGS_RELEASE
CMAKE_MODULE_LINKER_FLAGS_RELEASE-ADVANCED:INTERNAL=1
//ADVANCED property for variable: CMAKE_MODULE_LINKER_FLAGS_RELWITHDEBINFO
CMAKE_MODULE_LINKER_FLAGS_RELWITHDEBINFO-ADVANCED:INTERNAL=1
//ADVANCED property for variable: CMAKE_NM
CMAKE_NM-ADVANCED:INTERNAL=1
//number of local generators
CMAKE_NUMBER_OF_MAKEFILES:INTERNAL=53
//ADVANCED property for variable: CMAKE_OBJCOPY
CMAKE_OBJCOPY-ADVANCED:INTERNAL=1
//ADVANCED property for variable: CMAKE_OBJDUMP
CMAKE_OBJDUMP-ADVANCED:INTERNAL=1
//Platform information initialized
CMAKE_PLATFORM_INFO_INITIALIZED:INTERNAL=1
//ADVANCED property for variable: CMAKE_RANLIB
CMAKE_RANLIB-ADVANCED:INTERNAL=1
//ADVANCED property for variable: CMAKE_READELF
CMAKE_READELF-ADVANCED:INTERNAL=1
//Path to CMake installation.
CMAKE_ROOT:INTERNAL=/home/davids/.local/lib/python3.10/site-packages/cmake/data/share/cmake-3.28
//ADVANCED property for variable: CMAKE_SHARED_LINKER_FLAGS
CMAKE_SHARED_LINKER_FLAGS-ADVANCED:INTERNAL=1
//ADVANCED property for variable: CMAKE_SHARED_LINKER_FLAGS_DEBUG
CMAKE_SHARED_LINKER_FLAGS_DEBUG-ADVANCED:INTERNAL=1
//ADVANCED property for variable: CMAKE_SHARED_LINKER_FLAGS_MINSIZEREL
CMAKE_SHARED_LINKER_FLAGS_MINSIZEREL-ADVANCED:INTERNAL=1
//ADVANCED property for variable: CMAKE_SHARED_LINKER_FLAGS_RELEASE
CMAKE_SHARED_LINKER_FLAGS_RELEASE-ADVANCED:INTERNAL=1
//ADVANCED property for variable: CMAKE_SHARED_LINKER_FLAGS_RELWITHDEBINFO
CMAKE_SHARED_LINKER_FLAGS_RELWITHDEBINFO-ADVANCED:INTERNAL=1
//ADVANCED property for variable: CMAKE_SKIP_INSTALL_RPATH
CMAKE_SKIP_INSTALL_RPATH-ADVANCED:INTERNAL=1
//ADVANCED property for variable: CMAKE_SKIP_RPATH
CMAKE_SKIP_RPATH-ADVANCED:INTERNAL=1
//ADVANCED property for variable: CMAKE_STATIC_LINKER_FLAGS
CMAKE_STATIC_LINKER_FLAGS-ADVANCED:INTERNAL=1
//ADVANCED property for variable: CMAKE_STATIC_LINKER_FLAGS_DEBUG
CMAKE_STATIC_LINKER_FLAGS_DEBUG-ADVANCED:INTERNAL=1
//ADVANCED property for variable: CMAKE_STATIC_LINKER_FLAGS_MINSIZEREL
CMAKE_STATIC_LINKER_FLAGS_MINSIZEREL-ADVANCED:INTERNAL=1
//ADVANCED property for variable: CMAKE_STATIC_LINKER_FLAGS_RELEASE
CMAKE_STATIC_LINKER_FLAGS_RELEASE-ADVANCED:INTERNAL=1
//ADVANCED property for variable: CMAKE_STATIC_LINKER_FLAGS_RELWITHDEBINFO
CMAKE_STATIC_LINKER_FLAGS_RELWITHDEBINFO-ADVANCED:INTERNAL=1
//ADVANCED property for variable: CMAKE_STRIP
CMAKE_STRIP-ADVANCED:INTERNAL=1
//Suppress errors that are meant for the author of the CMakeLists.txt
// files.
CMAKE_SUPPRESS_DEVELOPER_ERRORS:INTERNAL=TRUE
//Suppress Warnings that are meant for the author of the CMakeLists.txt
// files.
CMAKE_SUPPRESS_DEVELOPER_WARNINGS:INTERNAL=TRUE
//ADVANCED property for variable: CMAKE_TAPI
CMAKE_TAPI-ADVANCED:INTERNAL=1
//uname command
CMAKE_UNAME:INTERNAL=/usr/bin/uname
//ADVANCED property for variable: CMAKE_VERBOSE_MAKEFILE
CMAKE_VERBOSE_MAKEFILE-ADVANCED:INTERNAL=1
//Whether to issue warnings for deprecated functionality.
CMAKE_WARN_DEPRECATED:INTERNAL=FALSE
//ADVANCED property for variable: COVERAGE_COMMAND
COVERAGE_COMMAND-ADVANCED:INTERNAL=1
//ADVANCED property for variable: COVERAGE_EXTRA_FLAGS
COVERAGE_EXTRA_FLAGS-ADVANCED:INTERNAL=1
//ADVANCED property for variable: CTEST_SUBMIT_RETRY_COUNT
CTEST_SUBMIT_RETRY_COUNT-ADVANCED:INTERNAL=1
//ADVANCED property for variable: CTEST_SUBMIT_RETRY_DELAY
CTEST_SUBMIT_RETRY_DELAY-ADVANCED:INTERNAL=1
//ADVANCED property for variable: DART_TESTING_TIMEOUT
DART_TESTING_TIMEOUT-ADVANCED:INTERNAL=1
//Details about finding ANTLR
FIND_PACKAGE_MESSAGE_DETAILS_ANTLR:INTERNAL=[/home/davids/projects/substrait-cpp/build-Debug/src/substrait/textplan/parser/grammar/antlr.jar][/usr/bin/java][v4.13.2()]
//Details about finding Perl
FIND_PACKAGE_MESSAGE_DETAILS_Perl:INTERNAL=[/usr/bin/perl][v5.34.0()]
//Details about finding Protobuf
FIND_PACKAGE_MESSAGE_DETAILS_Protobuf:INTERNAL=[/usr/lib/x86_64-linux-gnu/libprotobuf.so][/usr/include][v3.12.4()]
//Details about finding Python3
FIND_PACKAGE_MESSAGE_DETAILS_Python3:INTERNAL=[/usr/bin/python3.10][cfound components: Interpreter ][v3.10.12()]
//Details about finding Threads
FIND_PACKAGE_MESSAGE_DETAILS_Threads:INTERNAL=[TRUE][v()]
//ADVANCED property for variable: GITCOMMAND
GITCOMMAND-ADVANCED:INTERNAL=1
//ADVANCED property for variable: GIT_EXECUTABLE
GIT_EXECUTABLE-ADVANCED:INTERNAL=1
//ADVANCED property for variable: GMOCK_LIBRARY
GMOCK_LIBRARY-ADVANCED:INTERNAL=1
//ADVANCED property for variable: GMOCK_LIBRARY_DEBUG
GMOCK_LIBRARY_DEBUG-ADVANCED:INTERNAL=1
//ADVANCED property for variable: GMOCK_MAIN_LIBRARY
GMOCK_MAIN_LIBRARY-ADVANCED:INTERNAL=1
//ADVANCED property for variable: GMOCK_MAIN_LIBRARY_DEBUG
GMOCK_MAIN_LIBRARY_DEBUG-ADVANCED:INTERNAL=1
//ADVANCED property for variable: GTEST_INCLUDE_DIR
GTEST_INCLUDE_DIR-ADVANCED:INTERNAL=1
//ADVANCED property for variable: GTEST_LIBRARY
GTEST_LIBRARY-ADVANCED:INTERNAL=1
//ADVANCED property for variable: GTEST_LIBRARY_DEBUG
GTEST_LIBRARY_DEBUG-ADVANCED:INTERNAL=1
//ADVANCED property for variable: GTEST_MAIN_LIBRARY
GTEST_MAIN_LIBRARY-ADVANCED:INTERNAL=1
//ADVANCED property for variable: GTEST_MAIN_LIBRARY_DEBUG
GTEST_MAIN_LIBRARY_DEBUG-ADVANCED:INTERNAL=1
//ADVANCED property for variable: Java_IDLJ_EXECUTABLE
Java_IDLJ_EXECUTABLE-ADVANCED:INTERNAL=1
//ADVANCED property for variable: Java_JARSIGNER_EXECUTABLE
Java_JARSIGNER_EXECUTABLE-ADVANCED:INTERNAL=1
//ADVANCED property for variable: Java_JAR_EXECUTABLE
Java_JAR_EXECUTABLE-ADVANCED:INTERNAL=1
//ADVANCED property for variable: Java_JAVAC_EXECUTABLE
Java_JAVAC_EXECUTABLE-ADVANCED:INTERNAL=1
//ADVANCED property for variable: Java_JAVADOC_EXECUTABLE
Java_JAVADOC_EXECUTABLE-ADVANCED:INTERNAL=1
//ADVANCED property for variable: Java_JAVAH_EXECUTABLE
Java_JAVAH_EXECUTABLE-ADVANCED:INTERNAL=1
//ADVANCED property for variable: Java_JAVA_EXECUTABLE
Java_JAVA_EXECUTABLE-ADVANCED:INTERNAL=1
//ADVANCED property for variable: MAKECOMMAND
MAKECOMMAND-ADVANCED:INTERNAL=1
//ADVANCED property for variable: MEMORYCHECK_COMMAND
MEMORYCHECK_COMMAND-ADVANCED:INTERNAL=1
//ADVANCED property for variable: MEMORYCHECK_SUPPRESSIONS_FILE
MEMORYCHECK_SUPPRESSIONS_FILE-ADVANCED:INTERNAL=1
//ADVANCED property for variable: PERL_EXECUTABLE
PERL_EXECUTABLE-ADVANCED:INTERNAL=1
//ADVANCED property for variable: PRINT_OPTION_CURR_BUILD_SHARED_LIBS
PRINT_OPTION_CURR_BUILD_SHARED_LIBS-ADVANCED:INTERNAL=1
//ADVANCED property for variable: PRINT_OPTION_CURR_DISABLE_STRING_VIEW
PRINT_OPTION_CURR_DISABLE_STRING_VIEW-ADVANCED:INTERNAL=1
//ADVANCED property for variable: PRINT_OPTION_CURR_ENABLE_DATE_TESTING
PRINT_OPTION_CURR_ENABLE_DATE_TESTING-ADVANCED:INTERNAL=1
//ADVANCED property for variable: PRINT_OPTION_CURR_MANUAL_TZ_DB
PRINT_OPTION_CURR_MANUAL_TZ_DB-ADVANCED:INTERNAL=1
//ADVANCED property for variable: PRINT_OPTION_CURR_USE_SYSTEM_TZ_DB
PRINT_OPTION_CURR_USE_SYSTEM_TZ_DB-ADVANCED:INTERNAL=1
//ADVANCED property for variable: PRINT_OPTION_CURR_USE_TZ_DB_IN_DOT
PRINT_OPTION_CURR_USE_TZ_DB_IN_DOT-ADVANCED:INTERNAL=1
//ADVANCED property for variable: Protobuf_INCLUDE_DIR
Protobuf_INCLUDE_DIR-ADVANCED:INTERNAL=1
//ADVANCED property for variable: Protobuf_LIBRARY_DEBUG
Protobuf_LIBRARY_DEBUG-ADVANCED:INTERNAL=1
//ADVANCED property for variable: Protobuf_LIBRARY_RELEASE
Protobuf_LIBRARY_RELEASE-ADVANCED:INTERNAL=1
//ADVANCED property for variable: Protobuf_LITE_LIBRARY_DEBUG
Protobuf_LITE_LIBRARY_DEBUG-ADVANCED:INTERNAL=1
//ADVANCED property for variable: Protobuf_LITE_LIBRARY_RELEASE
Protobuf_LITE_LIBRARY_RELEASE-ADVANCED:INTERNAL=1
//ADVANCED property for variable: Protobuf_PROTOC_EXECUTABLE
Protobuf_PROTOC_EXECUTABLE-ADVANCED:INTERNAL=1
//ADVANCED property for variable: Protobuf_PROTOC_LIBRARY_DEBUG
Protobuf_PROTOC_LIBRARY_DEBUG-ADVANCED:INTERNAL=1
//ADVANCED property for variable: Protobuf_PROTOC_LIBRARY_RELEASE
Protobuf_PROTOC_LIBRARY_RELEASE-ADVANCED:INTERNAL=1
//ADVANCED property for variable: SITE
SITE-ADVANCED:INTERNAL=1
//Enable yaml-cpp tests
YAML_CPP_BUILD_TESTS:INTERNAL=OFF
//linker supports push/pop state
_CMAKE_LINKER_PUSHPOP_STATE_SUPPORTED:INTERNAL=TRUE
//CMAKE_INSTALL_PREFIX during last run
_GNUInstallDirs_LAST_CMAKE_INSTALL_PREFIX:INTERNAL=/usr/local
//Compiler reason failure
_Python3_Compiler_REASON_FAILURE:INTERNAL=
//Development reason failure
_Python3_Development_REASON_FAILURE:INTERNAL=
//Path to a program.
_Python3_EXECUTABLE:INTERNAL=/usr/bin/python3.10
//Python3 Properties
_Python3_INTERPRETER_PROPERTIES:INTERNAL=Python;3;10;12;64;32;;cpython-310-x86_64-linux-gnu;abi3;/usr/lib/python3.10;/usr/lib/python3.10;/usr/local/lib/python3.10/dist-packages;/usr/local/lib/python3.10/dist-packages
_Python3_INTERPRETER_SIGNATURE:INTERNAL=b91b4035ecb3bb3f5760d35922531bcd
//NumPy reason failure
_Python3_NumPy_REASON_FAILURE:INTERNAL=
cmake_package_name:INTERNAL=GTest
generated_dir:INTERNAL=/home/davids/projects/substrait-cpp/build-Debug/_deps/gtest-build/googletest/generated
//ADVANCED property for variable: gmock_build_tests
gmock_build_tests-ADVANCED:INTERNAL=1
//ADVANCED property for variable: gtest_build_samples
gtest_build_samples-ADVANCED:INTERNAL=1
//ADVANCED property for variable: gtest_build_tests
gtest_build_tests-ADVANCED:INTERNAL=1
//ADVANCED property for variable: gtest_disable_pthreads
gtest_disable_pthreads-ADVANCED:INTERNAL=1
//ADVANCED property for variable: gtest_force_shared_crt
gtest_force_shared_crt-ADVANCED:INTERNAL=1
//ADVANCED property for variable: gtest_hide_internal_symbols
gtest_hide_internal_symbols-ADVANCED:INTERNAL=1
targets_export_name:INTERNAL=GTestTargets

